<?xml version="1.0" encoding="UTF-8"?>
<testsuite name="com.insurance.policy.application.service.PolicyServiceTest" tests="9" skipped="0" failures="0" errors="0" timestamp="2026-03-02T04:34:00.911Z" hostname="PSOFKA01388" time="2.279">
  <properties/>
  <testcase name="createPolicy_Vida_Success()" classname="com.insurance.policy.application.service.PolicyServiceTest" time="2.111"/>
  <testcase name="createPolicy_Vida_AlreadyExists_Error()" classname="com.insurance.policy.application.service.PolicyServiceTest" time="0.063"/>
  <testcase name="findBeneficiariesByPolicyId_Success()" classname="com.insurance.policy.application.service.PolicyServiceTest" time="0.052"/>
  <testcase name="findByCustomerId_Success()" classname="com.insurance.policy.application.service.PolicyServiceTest" time="0.014"/>
  <testcase name="findBeneficiariesByPolicyId_NotFound_Error()" classname="com.insurance.policy.application.service.PolicyServiceTest" time="0.005"/>
  <testcase name="createPolicy_Vida_TooManyBeneficiaries_Error()" classname="com.insurance.policy.application.service.PolicyServiceTest" time="0.005"/>
  <testcase name="findById_NotFound_Error()" classname="com.insurance.policy.application.service.PolicyServiceTest" time="0.006"/>
  <testcase name="findById_Success()" classname="com.insurance.policy.application.service.PolicyServiceTest" time="0.007"/>
  <testcase name="findByCustomerId_NotFound_Error()" classname="com.insurance.policy.application.service.PolicyServiceTest" time="0.007"/>
  <system-out><![CDATA[]]></system-out>
  <system-err><![CDATA[Mockito is currently self-attaching to enable the inline-mock-maker. This will no longer work in future releases of the JDK. Please add Mockito as an agent to your build what is described in Mockito's documentation: https://javadoc.io/doc/org.mockito/mockito-core/latest/org/mockito/Mockito.html#0.3
WARNING: A Java agent has been loaded dynamically (C:\Users\anthony.colmenares\.gradle\caches\modules-2\files-2.1\net.bytebuddy\byte-buddy-agent\1.15.11\a38b16385e867f59a641330f0362ebe742788ed8\byte-buddy-agent-1.15.11.jar)
WARNING: If a serviceability tool is in use, please run with -XX:+EnableDynamicAgentLoading to hide this warning
WARNING: If a serviceability tool is not in use, please run with -Djdk.instrument.traceUsage for more information
WARNING: Dynamic loading of agents will be disallowed by default in a future release
]]></system-err>
</testsuite>
