<?xml version="1.0" encoding="UTF-8"?>
<testsuite name="com.insurance.policy.infrastructure.adapter.in.api.PolicyControllerTest" tests="4" skipped="0" failures="0" errors="0" timestamp="2026-03-02T04:34:05.753Z" hostname="PSOFKA01388" time="0.375">
  <properties/>
  <testcase name="getBeneficiaries_Success()" classname="com.insurance.policy.infrastructure.adapter.in.api.PolicyControllerTest" time="0.294"/>
  <testcase name="create_Success()" classname="com.insurance.policy.infrastructure.adapter.in.api.PolicyControllerTest" time="0.06"/>
  <testcase name="findByCustomer_Success()" classname="com.insurance.policy.infrastructure.adapter.in.api.PolicyControllerTest" time="0.009"/>
  <testcase name="findById_Success()" classname="com.insurance.policy.infrastructure.adapter.in.api.PolicyControllerTest" time="0.008"/>
  <system-out><![CDATA[23:34:03.388 [Test worker] INFO org.springframework.test.context.support.AnnotationConfigContextLoaderUtils -- Could not detect default configuration classes for test class [com.insurance.policy.infrastructure.adapter.in.api.PolicyControllerTest]: PolicyControllerTest does not declare any static, non-private, non-final, nested classes annotated with @Configuration.
23:34:03.643 [Test worker] INFO org.springframework.boot.test.context.SpringBootTestContextBootstrapper -- Found @SpringBootConfiguration com.insurance.policy.PolicyServiceApplication for test class com.insurance.policy.infrastructure.adapter.in.api.PolicyControllerTest

  .   ____          _            __ _ _
 /\\ / ___'_ __ _ _(_)_ __  __ _ \ \ \ \
( ( )\___ | '_ | '_| | '_ \/ _` | \ \ \ \
 \\/  ___)| |_)| | | | | || (_| |  ) ) ) )
  '  |____| .__|_| |_|_| |_\__, | / / / /
 =========|_|==============|___/=/_/_/_/

 :: Spring Boot ::                (v3.4.3)

2026-03-01T23:34:04.234-05:00  INFO 27896 --- [policy-service] [    Test worker] c.i.p.i.a.in.api.PolicyControllerTest    : Starting PolicyControllerTest using Java 21.0.9 with PID 27896 (started by anthony.colmenares in C:\reps\personal\insurance-management\services\policy-service)
2026-03-01T23:34:04.248-05:00  INFO 27896 --- [policy-service] [    Test worker] c.i.p.i.a.in.api.PolicyControllerTest    : The following 1 profile is active: "dev"
2026-03-01T23:34:05.740-05:00  INFO 27896 --- [policy-service] [    Test worker] c.i.p.i.a.in.api.PolicyControllerTest    : Started PolicyControllerTest in 1.972 seconds (process running for 7.287)
]]></system-out>
  <system-err><![CDATA[]]></system-err>
</testsuite>
