<?xml version="1.0" encoding="UTF-8"?>
<testsuite name="com.insurance.customer.infrastructure.adapter.in.api.CustomerControllerTest" tests="5" skipped="0" failures="0" errors="0" timestamp="2026-03-02T04:33:54.033Z" hostname="PSOFKA01388" time="0.339">
  <properties/>
  <testcase name="update_Success()" classname="com.insurance.customer.infrastructure.adapter.in.api.CustomerControllerTest" time="0.3"/>
  <testcase name="create_Success()" classname="com.insurance.customer.infrastructure.adapter.in.api.CustomerControllerTest" time="0.009"/>
  <testcase name="findAll_Success()" classname="com.insurance.customer.infrastructure.adapter.in.api.CustomerControllerTest" time="0.012"/>
  <testcase name="delete_Success()" classname="com.insurance.customer.infrastructure.adapter.in.api.CustomerControllerTest" time="0.008"/>
  <testcase name="findById_Success()" classname="com.insurance.customer.infrastructure.adapter.in.api.CustomerControllerTest" time="0.007"/>
  <system-out><![CDATA[23:33:51.012 [Test worker] INFO org.springframework.test.context.support.AnnotationConfigContextLoaderUtils -- Could not detect default configuration classes for test class [com.insurance.customer.infrastructure.adapter.in.api.CustomerControllerTest]: CustomerControllerTest does not declare any static, non-private, non-final, nested classes annotated with @Configuration.
23:33:51.359 [Test worker] INFO org.springframework.boot.test.context.SpringBootTestContextBootstrapper -- Found @SpringBootConfiguration com.insurance.customer.CustomerServiceApplication for test class com.insurance.customer.infrastructure.adapter.in.api.CustomerControllerTest

  .   ____          _            __ _ _
 /\\ / ___'_ __ _ _(_)_ __  __ _ \ \ \ \
( ( )\___ | '_ | '_| | '_ \/ _` | \ \ \ \
 \\/  ___)| |_)| | | | | || (_| |  ) ) ) )
  '  |____| .__|_| |_|_| |_\__, | / / / /
 =========|_|==============|___/=/_/_/_/

 :: Spring Boot ::                (v3.4.3)

2026-03-01T23:33:52.336-05:00  INFO 26128 --- [customer-service] [    Test worker] c.i.c.i.a.in.api.CustomerControllerTest  : Starting CustomerControllerTest using Java 21.0.9 with PID 26128 (started by anthony.colmenares in C:\reps\personal\insurance-management\services\customer-service)
2026-03-01T23:33:52.368-05:00  INFO 26128 --- [customer-service] [    Test worker] c.i.c.i.a.in.api.CustomerControllerTest  : The following 1 profile is active: "dev"
2026-03-01T23:33:54.022-05:00  INFO 26128 --- [customer-service] [    Test worker] c.i.c.i.a.in.api.CustomerControllerTest  : Started CustomerControllerTest in 2.537 seconds (process running for 9.278)
]]></system-out>
  <system-err><![CDATA[]]></system-err>
</testsuite>
